-------------------------------------------------------------------------------
Test set: MyJavaRulesDefinitionTest
-------------------------------------------------------------------------------
Tests run: 1, Failures: 1, Errors: 0, Skipped: 0, Time elapsed: 0.628 s <<< FAILURE! - in MyJavaRulesDefinitionTest
test(MyJavaRulesDefinitionTest)  Time elapsed: 0.527 s  <<< FAILURE!
java.lang.AssertionError: expecting actual value not to be null
	at MyJavaRulesDefinitionTest.assertParameterProperties(MyJavaRulesDefinitionTest.java:56)
	at MyJavaRulesDefinitionTest.test(MyJavaRulesDefinitionTest.java:49)

